2019-11-07 09:44:09.103  INFO 13820 --- [main] com.imooc.web1.dao.Stream                : Starting Stream on GZIT482 with PID 13820 (started by xiangzhenwen in D:\09_git_hub\springweb)
2019-11-07 09:44:09.108  INFO 13820 --- [main] com.imooc.web1.dao.Stream                : No active profile set, falling back to default profiles: default
2019-11-07 09:44:09.985  INFO 13820 --- [MLog-Init-Reporter] com.mchange.v2.log.MLog                  : MLog clients using slf4j logging.
2019-11-07 09:44:10.283  INFO 13820 --- [main] com.mchange.v2.c3p0.C3P0Registry         : Initializing c3p0-0.9.5.4 [built 23-March-2019 23:00:48 -0700; debug? true; trace: 10]
2019-11-07 09:44:11.048  INFO 13820 --- [main] o.s.s.concurrent.ThreadPoolTaskExecutor  : Initializing ExecutorService 'applicationTaskExecutor'
2019-11-07 09:44:11.388  INFO 13820 --- [main] com.imooc.web1.dao.Stream                : Started Stream in 2.66 seconds (JVM running for 3.532)
2019-11-07 09:44:11.584  INFO 13820 --- [main] com.imooc.web1.dao.Stream                : squaresList [9, 4, 49, 25]
2019-11-07 09:44:11.589  INFO 13820 --- [Thread-2] o.s.s.concurrent.ThreadPoolTaskExecutor  : Shutting down ExecutorService 'applicationTaskExecutor'
2019-11-07 09:44:38.074  INFO 13336 --- [main] com.imooc.web1.dao.Stream                : Starting Stream on GZIT482 with PID 13336 (started by xiangzhenwen in D:\09_git_hub\springweb)
2019-11-07 09:44:38.076  INFO 13336 --- [main] com.imooc.web1.dao.Stream                : No active profile set, falling back to default profiles: default
2019-11-07 09:44:38.933  INFO 13336 --- [MLog-Init-Reporter] com.mchange.v2.log.MLog                  : MLog clients using slf4j logging.
2019-11-07 09:44:39.228  INFO 13336 --- [main] com.mchange.v2.c3p0.C3P0Registry         : Initializing c3p0-0.9.5.4 [built 23-March-2019 23:00:48 -0700; debug? true; trace: 10]
2019-11-07 09:44:39.968  INFO 13336 --- [main] o.s.s.concurrent.ThreadPoolTaskExecutor  : Initializing ExecutorService 'applicationTaskExecutor'
2019-11-07 09:44:40.314  INFO 13336 --- [main] com.imooc.web1.dao.Stream                : Started Stream in 2.505 seconds (JVM running for 3.207)
2019-11-07 09:44:40.458  INFO 13336 --- [main] com.imooc.web1.dao.Stream                : squaresList [9, 4, 4, 9, 49, 9, 25]
2019-11-07 09:44:40.463  INFO 13336 --- [Thread-2] o.s.s.concurrent.ThreadPoolTaskExecutor  : Shutting down ExecutorService 'applicationTaskExecutor'
2019-11-07 09:49:02.000  INFO 11600 --- [main] com.imooc.web1.dao.Stream                : Starting Stream on GZIT482 with PID 11600 (started by xiangzhenwen in D:\09_git_hub\springweb)
2019-11-07 09:49:02.001  INFO 11600 --- [main] com.imooc.web1.dao.Stream                : No active profile set, falling back to default profiles: default
2019-11-07 09:49:02.799  INFO 11600 --- [MLog-Init-Reporter] com.mchange.v2.log.MLog                  : MLog clients using slf4j logging.
2019-11-07 09:49:03.099  INFO 11600 --- [main] com.mchange.v2.c3p0.C3P0Registry         : Initializing c3p0-0.9.5.4 [built 23-March-2019 23:00:48 -0700; debug? true; trace: 10]
2019-11-07 09:49:03.851  INFO 11600 --- [main] o.s.s.concurrent.ThreadPoolTaskExecutor  : Initializing ExecutorService 'applicationTaskExecutor'
2019-11-07 09:49:04.174  INFO 11600 --- [main] com.imooc.web1.dao.Stream                : Started Stream in 2.485 seconds (JVM running for 3.206)
2019-11-07 09:49:04.329  INFO 11600 --- [Thread-2] o.s.s.concurrent.ThreadPoolTaskExecutor  : Shutting down ExecutorService 'applicationTaskExecutor'
2019-11-07 09:53:02.840  INFO 14772 --- [main] com.imooc.web1.dao.Stream                : Starting Stream on GZIT482 with PID 14772 (started by xiangzhenwen in D:\09_git_hub\springweb)
2019-11-07 09:53:02.841  INFO 14772 --- [main] com.imooc.web1.dao.Stream                : No active profile set, falling back to default profiles: default
2019-11-07 09:53:03.636  INFO 14772 --- [MLog-Init-Reporter] com.mchange.v2.log.MLog                  : MLog clients using slf4j logging.
2019-11-07 09:53:03.930  INFO 14772 --- [main] com.mchange.v2.c3p0.C3P0Registry         : Initializing c3p0-0.9.5.4 [built 23-March-2019 23:00:48 -0700; debug? true; trace: 10]
2019-11-07 09:53:04.655  INFO 14772 --- [main] o.s.s.concurrent.ThreadPoolTaskExecutor  : Initializing ExecutorService 'applicationTaskExecutor'
2019-11-07 09:53:04.987  INFO 14772 --- [main] com.imooc.web1.dao.Stream                : Started Stream in 2.389 seconds (JVM running for 3.099)
2019-11-07 09:53:05.137  INFO 14772 --- [main] com.imooc.web1.dao.Stream                : 1428747219
2019-11-07 09:53:05.137  INFO 14772 --- [main] com.imooc.web1.dao.Stream                : 1484074896
2019-11-07 09:53:05.137  INFO 14772 --- [main] com.imooc.web1.dao.Stream                : -133576588
2019-11-07 09:53:05.137  INFO 14772 --- [main] com.imooc.web1.dao.Stream                : -1096448003
2019-11-07 09:53:05.137  INFO 14772 --- [main] com.imooc.web1.dao.Stream                : 822535931
2019-11-07 09:53:05.137  INFO 14772 --- [main] com.imooc.web1.dao.Stream                : 496416791
2019-11-07 09:53:05.138  INFO 14772 --- [main] com.imooc.web1.dao.Stream                : -347937944
2019-11-07 09:53:05.138  INFO 14772 --- [main] com.imooc.web1.dao.Stream                : -683801970
2019-11-07 09:53:05.138  INFO 14772 --- [main] com.imooc.web1.dao.Stream                : 808808321
2019-11-07 09:53:05.138  INFO 14772 --- [main] com.imooc.web1.dao.Stream                : 1649723515
2019-11-07 09:53:05.143  INFO 14772 --- [Thread-2] o.s.s.concurrent.ThreadPoolTaskExecutor  : Shutting down ExecutorService 'applicationTaskExecutor'
2019-11-07 09:59:17.777  INFO 15048 --- [main] com.imooc.web1.dao.Stream                : Starting Stream on GZIT482 with PID 15048 (started by xiangzhenwen in D:\09_git_hub\springweb)
2019-11-07 09:59:17.778  INFO 15048 --- [main] com.imooc.web1.dao.Stream                : No active profile set, falling back to default profiles: default
2019-11-07 09:59:18.627  INFO 15048 --- [MLog-Init-Reporter] com.mchange.v2.log.MLog                  : MLog clients using slf4j logging.
2019-11-07 09:59:18.935  INFO 15048 --- [main] com.mchange.v2.c3p0.C3P0Registry         : Initializing c3p0-0.9.5.4 [built 23-March-2019 23:00:48 -0700; debug? true; trace: 10]
2019-11-07 09:59:19.701  INFO 15048 --- [main] o.s.s.concurrent.ThreadPoolTaskExecutor  : Initializing ExecutorService 'applicationTaskExecutor'
2019-11-07 09:59:20.034  INFO 15048 --- [main] com.imooc.web1.dao.Stream                : Started Stream in 2.551 seconds (JVM running for 3.263)
2019-11-07 09:59:20.198  INFO 15048 --- [main] com.imooc.web1.dao.Stream                : parallel count:2
2019-11-07 09:59:20.202  INFO 15048 --- [Thread-2] o.s.s.concurrent.ThreadPoolTaskExecutor  : Shutting down ExecutorService 'applicationTaskExecutor'
2019-11-07 10:03:17.051  INFO 11044 --- [main] com.imooc.web1.dao.Stream                : Starting Stream on GZIT482 with PID 11044 (started by xiangzhenwen in D:\09_git_hub\springweb)
2019-11-07 10:03:17.052  INFO 11044 --- [main] com.imooc.web1.dao.Stream                : No active profile set, falling back to default profiles: default
2019-11-07 10:03:17.842  INFO 11044 --- [MLog-Init-Reporter] com.mchange.v2.log.MLog                  : MLog clients using slf4j logging.
2019-11-07 10:03:18.141  INFO 11044 --- [main] com.mchange.v2.c3p0.C3P0Registry         : Initializing c3p0-0.9.5.4 [built 23-March-2019 23:00:48 -0700; debug? true; trace: 10]
2019-11-07 10:03:18.927  INFO 11044 --- [main] o.s.s.concurrent.ThreadPoolTaskExecutor  : Initializing ExecutorService 'applicationTaskExecutor'
2019-11-07 10:03:19.256  INFO 11044 --- [main] com.imooc.web1.dao.Stream                : Started Stream in 2.48 seconds (JVM running for 3.241)
2019-11-07 10:03:19.429  INFO 11044 --- [main] com.imooc.web1.dao.Stream                : parallel count:2
2019-11-07 10:03:19.435  INFO 11044 --- [Thread-2] o.s.s.concurrent.ThreadPoolTaskExecutor  : Shutting down ExecutorService 'applicationTaskExecutor'
2019-11-07 10:08:26.905  INFO 5888 --- [main] com.imooc.web1.dao.Stream                : Starting Stream on GZIT482 with PID 5888 (started by xiangzhenwen in D:\09_git_hub\springweb)
2019-11-07 10:08:26.907  INFO 5888 --- [main] com.imooc.web1.dao.Stream                : No active profile set, falling back to default profiles: default
2019-11-07 10:08:27.762  INFO 5888 --- [MLog-Init-Reporter] com.mchange.v2.log.MLog                  : MLog clients using slf4j logging.
2019-11-07 10:08:28.051  INFO 5888 --- [main] com.mchange.v2.c3p0.C3P0Registry         : Initializing c3p0-0.9.5.4 [built 23-March-2019 23:00:48 -0700; debug? true; trace: 10]
2019-11-07 10:08:28.801  INFO 5888 --- [main] o.s.s.concurrent.ThreadPoolTaskExecutor  : Initializing ExecutorService 'applicationTaskExecutor'
2019-11-07 10:08:29.114  INFO 5888 --- [main] com.imooc.web1.dao.Stream                : Started Stream in 2.521 seconds (JVM running for 3.237)
2019-11-07 10:08:29.277  INFO 5888 --- [Thread-2] o.s.s.concurrent.ThreadPoolTaskExecutor  : Shutting down ExecutorService 'applicationTaskExecutor'
2019-11-07 10:09:39.867  INFO 7772 --- [main] com.imooc.web1.dao.Stream                : Starting Stream on GZIT482 with PID 7772 (started by xiangzhenwen in D:\09_git_hub\springweb)
2019-11-07 10:09:39.870  INFO 7772 --- [main] com.imooc.web1.dao.Stream                : No active profile set, falling back to default profiles: default
2019-11-07 10:09:40.763  INFO 7772 --- [MLog-Init-Reporter] com.mchange.v2.log.MLog                  : MLog clients using slf4j logging.
2019-11-07 10:09:41.052  INFO 7772 --- [main] com.mchange.v2.c3p0.C3P0Registry         : Initializing c3p0-0.9.5.4 [built 23-March-2019 23:00:48 -0700; debug? true; trace: 10]
2019-11-07 10:09:41.816  INFO 7772 --- [main] o.s.s.concurrent.ThreadPoolTaskExecutor  : Initializing ExecutorService 'applicationTaskExecutor'
2019-11-07 10:09:42.143  INFO 7772 --- [main] com.imooc.web1.dao.Stream                : Started Stream in 2.619 seconds (JVM running for 3.366)
2019-11-07 10:09:42.308  INFO 7772 --- [Thread-2] o.s.s.concurrent.ThreadPoolTaskExecutor  : Shutting down ExecutorService 'applicationTaskExecutor'
2019-11-07 10:46:37.024  INFO 80 --- [main] com.imooc.web1.dao.Stream                : Starting Stream on GZIT482 with PID 80 (started by xiangzhenwen in D:\09_git_hub\springweb)
2019-11-07 10:46:37.025  INFO 80 --- [main] com.imooc.web1.dao.Stream                : No active profile set, falling back to default profiles: default
2019-11-07 10:46:37.966  INFO 80 --- [MLog-Init-Reporter] com.mchange.v2.log.MLog                  : MLog clients using slf4j logging.
2019-11-07 10:46:38.262  INFO 80 --- [main] com.mchange.v2.c3p0.C3P0Registry         : Initializing c3p0-0.9.5.4 [built 23-March-2019 23:00:48 -0700; debug? true; trace: 10]
2019-11-07 10:46:39.001  INFO 80 --- [main] o.s.s.concurrent.ThreadPoolTaskExecutor  : Initializing ExecutorService 'applicationTaskExecutor'
2019-11-07 10:46:39.309  INFO 80 --- [main] com.imooc.web1.dao.Stream                : Started Stream in 2.528 seconds (JVM running for 3.237)
2019-11-07 10:46:39.458  INFO 80 --- [main] com.imooc.web1.dao.Stream                : strList:[abc, bc, efg, abcd, jkl]
2019-11-07 10:46:39.463  INFO 80 --- [Thread-2] o.s.s.concurrent.ThreadPoolTaskExecutor  : Shutting down ExecutorService 'applicationTaskExecutor'
